1512968444411	geckodriver	INFO	geckodriver 0.19.1
1512968444425	geckodriver	INFO	Listening on 127.0.0.1:55510
1512968445082	mozrunner::runner	INFO	Running command: "/Applications/Firefox.app/Contents/MacOS/firefox-bin" "-marionette" "-profile" "/var/folders/60/wjb4gq6d357987_wqfpx9hfh0000gp/T/rust_mozprofile.YsUSCgu1Vbey"
1512968447070	Marionette	INFO	Enabled via --marionette
2017-12-10 23:00:49.010 plugin-container[14220:1311062] *** CFMessagePort: bootstrap_register(): failed 1100 (0x44c) 'Permission denied', port = 0xa33f, name = 'com.apple.tsm.portname'
See /usr/include/servers/bootstrap_defs.h for the error codes.
1512968450196	Marionette	INFO	Listening on port 55517
1512968450529	Marionette	WARN	TLS certificate errors will be ignored for this session
1512968451826	Marionette	DEBUG	Register listener.js for window 2147483649
1512968457641	Marionette	DEBUG	Received DOM event "beforeunload" for "about:blank"
1512968457989	Marionette	DEBUG	Received DOM event "pagehide" for "about:blank"
1512968457989	Marionette	DEBUG	Received DOM event "unload" for "about:blank"
JavaScript warning: https://www.classicalarchives.com/js/ca.js?r=86061, line 86: unreachable code after return statement
JavaScript warning: https://www.classicalarchives.com/js/ca.js?r=86061, line 86: unreachable code after return statement
JavaScript warning: https://www.classicalarchives.com/js/ca.js?r=86061, line 86: unreachable code after return statement
JavaScript warning: https://www.classicalarchives.com/js/ca.js?r=86061, line 86: unreachable code after return statement
JavaScript warning: https://www.classicalarchives.com/js/ca.js?r=86061, line 86: unreachable code after return statement
JavaScript warning: https://www.classicalarchives.com/js/ca.js?r=86061, line 86: unreachable code after return statement
JavaScript warning: https://www.classicalarchives.com/js/ca.js?r=86061, line 86: unreachable code after return statement
1512968459221	Marionette	DEBUG	Received DOM event "DOMContentLoaded" for "https://www.classicalarchives.com/"
1512968461019	Marionette	DEBUG	Received DOM event "pageshow" for "https://www.classicalarchives.com/"
